<html>
<head>
<title>TestNG:  Test</title>
<link href="../testng.css" rel="stylesheet" type="text/css" />
<link href="../my-testng.css" rel="stylesheet" type="text/css" />

<style type="text/css">
.log { display: none;} 
.stack-trace { display: none;} 
</style>
<script type="text/javascript">
<!--
function flip(e) {
  current = e.style.display;
  if (current == 'block') {
    e.style.display = 'none';
    return 0;
  }
  else {
    e.style.display = 'block';
    return 1;
  }
}

function toggleBox(szDivId, elem, msg1, msg2)
{
  var res = -1;  if (document.getElementById) {
    res = flip(document.getElementById(szDivId));
  }
  else if (document.all) {
    // this is the way old msie versions work
    res = flip(document.all[szDivId]);
  }
  if(elem) {
    if(res == 0) elem.innerHTML = msg1; else elem.innerHTML = msg2;
  }

}

function toggleAllBoxes() {
  if (document.getElementsByTagName) {
    d = document.getElementsByTagName('div');
    for (i = 0; i < d.length; i++) {
      if (d[i].className == 'log') {
        flip(d[i]);
      }
    }
  }
}

// -->
</script>

</head>
<body>
<h2 align='center'>Test</h2><table border='1' align="center">
<tr>
<td>Tests passed/Failed/Skipped:</td><td>18/6/0</td>
</tr><tr>
<td>Started on:</td><td>Mon Jan 08 12:20:06 IST 2024</td>
</tr>
<tr><td>Total time:</td><td>174 seconds (174630 ms)</td>
</tr><tr>
<td>Included groups:</td><td></td>
</tr><tr>
<td>Excluded groups:</td><td></td>
</tr>
</table><p/>
<small><i>(Hover the method name to see the test class name)</i></small><p/>
<table width='100%' border='1' class='invocation-failed'>
<tr><td colspan='4' align='center'><b>FAILED TESTS</b></td></tr>
<tr><td><b>Test method</b></td>
<td><b>Attribute(s)</b></td>
<td width="30%"><b>Exception</b></td>
<td width="10%"><b>Time (seconds)</b></td>
<td><b>Instance</b></td>
</tr>
<tr>
<td title='org.ictakwebsite.test.TestMembership.blankdetails()'><b>blankdetails</b><br>Test class: org.ictakwebsite.test.TestMembership</td>
<td><div><pre>java.lang.AssertionError: The following asserts failed:
	Blank Name is Invalid expected [true] but found [false],
	Head of the Organization cannot be blank expected [true] but found [false],
	Blank Website is invalid expected [true] but found [false],
	Blank Name Of Contact is Invalid expected [true] but found [false],
	Blank Phone Number is Invalid expected [true] but found [false],
	Blank Email is Invalid expected [true] but found [false],
	Blank Employee Count is Invalid expected [true] but found [false],
	Register button is enabled expected [false] but found [true]
	at org.ictakwebsite.test.TestMembership.blankdetails(TestMembership.java:142)
	at java.base/java.util.ArrayList.forEach(ArrayList.java:1511)
... Removed 29 stack frames</pre></div><a href='#' onClick='toggleBox("stack-trace493057651", this, "Click to show all stack frames", "Click to hide stack frames")'>Click to show all stack frames</a>
<div class='stack-trace' id='stack-trace493057651'><pre>java.lang.AssertionError: The following asserts failed:
	Blank Name is Invalid expected [true] but found [false],
	Head of the Organization cannot be blank expected [true] but found [false],
	Blank Website is invalid expected [true] but found [false],
	Blank Name Of Contact is Invalid expected [true] but found [false],
	Blank Phone Number is Invalid expected [true] but found [false],
	Blank Email is Invalid expected [true] but found [false],
	Blank Employee Count is Invalid expected [true] but found [false],
	Register button is enabled expected [false] but found [true]
	at org.testng.asserts.SoftAssert.assertAll(SoftAssert.java:46)
	at org.testng.asserts.SoftAssert.assertAll(SoftAssert.java:30)
	at org.ictakwebsite.test.TestMembership.blankdetails(TestMembership.java:142)
	at java.base/jdk.internal.reflect.NativeMethodAccessorImpl.invoke0(Native Method)
	at java.base/jdk.internal.reflect.NativeMethodAccessorImpl.invoke(NativeMethodAccessorImpl.java:77)
	at java.base/jdk.internal.reflect.DelegatingMethodAccessorImpl.invoke(DelegatingMethodAccessorImpl.java:43)
	at java.base/java.lang.reflect.Method.invoke(Method.java:568)
	at org.testng.internal.invokers.MethodInvocationHelper.invokeMethod(MethodInvocationHelper.java:139)
	at org.testng.internal.invokers.TestInvoker.invokeMethod(TestInvoker.java:664)
	at org.testng.internal.invokers.TestInvoker.invokeTestMethod(TestInvoker.java:227)
	at org.testng.internal.invokers.MethodRunner.runInSequence(MethodRunner.java:50)
	at org.testng.internal.invokers.TestInvoker$MethodInvocationAgent.invoke(TestInvoker.java:957)
	at org.testng.internal.invokers.TestInvoker.invokeTestMethods(TestInvoker.java:200)
	at org.testng.internal.invokers.TestMethodWorker.invokeTestMethods(TestMethodWorker.java:148)
	at org.testng.internal.invokers.TestMethodWorker.run(TestMethodWorker.java:128)
	at java.base/java.util.ArrayList.forEach(ArrayList.java:1511)
	at org.testng.TestRunner.privateRun(TestRunner.java:848)
	at org.testng.TestRunner.run(TestRunner.java:621)
	at org.testng.SuiteRunner.runTest(SuiteRunner.java:443)
	at org.testng.SuiteRunner.runSequentially(SuiteRunner.java:437)
	at org.testng.SuiteRunner.privateRun(SuiteRunner.java:397)
	at org.testng.SuiteRunner.run(SuiteRunner.java:336)
	at org.testng.SuiteRunnerWorker.runSuite(SuiteRunnerWorker.java:52)
	at org.testng.SuiteRunnerWorker.run(SuiteRunnerWorker.java:95)
	at org.testng.TestNG.runSuitesSequentially(TestNG.java:1280)
	at org.testng.TestNG.runSuitesLocally(TestNG.java:1200)
	at org.testng.TestNG.runSuites(TestNG.java:1114)
	at org.testng.TestNG.run(TestNG.java:1082)
	at org.testng.remote.AbstractRemoteTestNG.run(AbstractRemoteTestNG.java:115)
	at org.testng.remote.RemoteTestNG.initAndRun(RemoteTestNG.java:251)
	at org.testng.remote.RemoteTestNG.main(RemoteTestNG.java:77)
</pre></div></td>
<td>5</td>
<td>org.ictakwebsite.test.TestMembership@11392934</td></tr>
<tr>
<td title='org.ictakwebsite.test.TestMembership.invalidname()'><b>invalidname</b><br>Test class: org.ictakwebsite.test.TestMembership</td>
<td><div><pre>java.lang.AssertionError: The following asserts failed:
	Invalid name expected [true] but found [false],
	Invalid Name for head of the organization expected [true] but found [false],
	Invalid contact name expected [true] but found [false],
	Invalid phone number expected [true] but found [false],
	Invalid count expected [true] but found [false]
	at org.ictakwebsite.test.TestMembership.invalidname(TestMembership.java:107)
	at java.base/java.util.ArrayList.forEach(ArrayList.java:1511)
... Removed 29 stack frames</pre></div><a href='#' onClick='toggleBox("stack-trace283968378", this, "Click to show all stack frames", "Click to hide stack frames")'>Click to show all stack frames</a>
<div class='stack-trace' id='stack-trace283968378'><pre>java.lang.AssertionError: The following asserts failed:
	Invalid name expected [true] but found [false],
	Invalid Name for head of the organization expected [true] but found [false],
	Invalid contact name expected [true] but found [false],
	Invalid phone number expected [true] but found [false],
	Invalid count expected [true] but found [false]
	at org.testng.asserts.SoftAssert.assertAll(SoftAssert.java:46)
	at org.testng.asserts.SoftAssert.assertAll(SoftAssert.java:30)
	at org.ictakwebsite.test.TestMembership.invalidname(TestMembership.java:107)
	at java.base/jdk.internal.reflect.NativeMethodAccessorImpl.invoke0(Native Method)
	at java.base/jdk.internal.reflect.NativeMethodAccessorImpl.invoke(NativeMethodAccessorImpl.java:77)
	at java.base/jdk.internal.reflect.DelegatingMethodAccessorImpl.invoke(DelegatingMethodAccessorImpl.java:43)
	at java.base/java.lang.reflect.Method.invoke(Method.java:568)
	at org.testng.internal.invokers.MethodInvocationHelper.invokeMethod(MethodInvocationHelper.java:139)
	at org.testng.internal.invokers.TestInvoker.invokeMethod(TestInvoker.java:664)
	at org.testng.internal.invokers.TestInvoker.invokeTestMethod(TestInvoker.java:227)
	at org.testng.internal.invokers.MethodRunner.runInSequence(MethodRunner.java:50)
	at org.testng.internal.invokers.TestInvoker$MethodInvocationAgent.invoke(TestInvoker.java:957)
	at org.testng.internal.invokers.TestInvoker.invokeTestMethods(TestInvoker.java:200)
	at org.testng.internal.invokers.TestMethodWorker.invokeTestMethods(TestMethodWorker.java:148)
	at org.testng.internal.invokers.TestMethodWorker.run(TestMethodWorker.java:128)
	at java.base/java.util.ArrayList.forEach(ArrayList.java:1511)
	at org.testng.TestRunner.privateRun(TestRunner.java:848)
	at org.testng.TestRunner.run(TestRunner.java:621)
	at org.testng.SuiteRunner.runTest(SuiteRunner.java:443)
	at org.testng.SuiteRunner.runSequentially(SuiteRunner.java:437)
	at org.testng.SuiteRunner.privateRun(SuiteRunner.java:397)
	at org.testng.SuiteRunner.run(SuiteRunner.java:336)
	at org.testng.SuiteRunnerWorker.runSuite(SuiteRunnerWorker.java:52)
	at org.testng.SuiteRunnerWorker.run(SuiteRunnerWorker.java:95)
	at org.testng.TestNG.runSuitesSequentially(TestNG.java:1280)
	at org.testng.TestNG.runSuitesLocally(TestNG.java:1200)
	at org.testng.TestNG.runSuites(TestNG.java:1114)
	at org.testng.TestNG.run(TestNG.java:1082)
	at org.testng.remote.AbstractRemoteTestNG.run(AbstractRemoteTestNG.java:115)
	at org.testng.remote.RemoteTestNG.initAndRun(RemoteTestNG.java:251)
	at org.testng.remote.RemoteTestNG.main(RemoteTestNG.java:77)
</pre></div></td>
<td>8</td>
<td>org.ictakwebsite.test.TestMembership@11392934</td></tr>
<tr>
<td title='org.ictakwebsite.test.TestContactUs.invaliddetails()'><b>invaliddetails</b><br>Test class: org.ictakwebsite.test.TestContactUs</td>
<td><div><pre>java.lang.AssertionError: The following asserts failed:
	expected [G1 Ground Floor Thejaswini Building] but found [G1 Ground Floor Thejaswini Building Technopark Thiruvananthapuram Kerala India]
	at org.ictakwebsite.test.TestContactUs.invaliddetails(TestContactUs.java:37)
	at java.base/java.util.ArrayList.forEach(ArrayList.java:1511)
... Removed 29 stack frames</pre></div><a href='#' onClick='toggleBox("stack-trace816804727", this, "Click to show all stack frames", "Click to hide stack frames")'>Click to show all stack frames</a>
<div class='stack-trace' id='stack-trace816804727'><pre>java.lang.AssertionError: The following asserts failed:
	expected [G1 Ground Floor Thejaswini Building] but found [G1 Ground Floor Thejaswini Building Technopark Thiruvananthapuram Kerala India]
	at org.testng.asserts.SoftAssert.assertAll(SoftAssert.java:46)
	at org.testng.asserts.SoftAssert.assertAll(SoftAssert.java:30)
	at org.ictakwebsite.test.TestContactUs.invaliddetails(TestContactUs.java:37)
	at java.base/jdk.internal.reflect.NativeMethodAccessorImpl.invoke0(Native Method)
	at java.base/jdk.internal.reflect.NativeMethodAccessorImpl.invoke(NativeMethodAccessorImpl.java:77)
	at java.base/jdk.internal.reflect.DelegatingMethodAccessorImpl.invoke(DelegatingMethodAccessorImpl.java:43)
	at java.base/java.lang.reflect.Method.invoke(Method.java:568)
	at org.testng.internal.invokers.MethodInvocationHelper.invokeMethod(MethodInvocationHelper.java:139)
	at org.testng.internal.invokers.TestInvoker.invokeMethod(TestInvoker.java:664)
	at org.testng.internal.invokers.TestInvoker.invokeTestMethod(TestInvoker.java:227)
	at org.testng.internal.invokers.MethodRunner.runInSequence(MethodRunner.java:50)
	at org.testng.internal.invokers.TestInvoker$MethodInvocationAgent.invoke(TestInvoker.java:957)
	at org.testng.internal.invokers.TestInvoker.invokeTestMethods(TestInvoker.java:200)
	at org.testng.internal.invokers.TestMethodWorker.invokeTestMethods(TestMethodWorker.java:148)
	at org.testng.internal.invokers.TestMethodWorker.run(TestMethodWorker.java:128)
	at java.base/java.util.ArrayList.forEach(ArrayList.java:1511)
	at org.testng.TestRunner.privateRun(TestRunner.java:848)
	at org.testng.TestRunner.run(TestRunner.java:621)
	at org.testng.SuiteRunner.runTest(SuiteRunner.java:443)
	at org.testng.SuiteRunner.runSequentially(SuiteRunner.java:437)
	at org.testng.SuiteRunner.privateRun(SuiteRunner.java:397)
	at org.testng.SuiteRunner.run(SuiteRunner.java:336)
	at org.testng.SuiteRunnerWorker.runSuite(SuiteRunnerWorker.java:52)
	at org.testng.SuiteRunnerWorker.run(SuiteRunnerWorker.java:95)
	at org.testng.TestNG.runSuitesSequentially(TestNG.java:1280)
	at org.testng.TestNG.runSuitesLocally(TestNG.java:1200)
	at org.testng.TestNG.runSuites(TestNG.java:1114)
	at org.testng.TestNG.run(TestNG.java:1082)
	at org.testng.remote.AbstractRemoteTestNG.run(AbstractRemoteTestNG.java:115)
	at org.testng.remote.RemoteTestNG.initAndRun(RemoteTestNG.java:251)
	at org.testng.remote.RemoteTestNG.main(RemoteTestNG.java:77)
</pre></div></td>
<td>0</td>
<td>org.ictakwebsite.test.TestContactUs@6d4d66d2</td></tr>
<tr>
<td title='org.ictakwebsite.test.TestEventsICSET.setdetailblank()'><b>setdetailblank</b><br>Test class: org.ictakwebsite.test.TestEventsICSET</td>
<td><div><pre>java.lang.AssertionError: The following asserts failed:
	Blank Name is invalid expected [true] but found [false],
	Blank Email is invalid expected [true] but found [false],
	Blank Number is invalid expected [true] but found [false]
	at org.ictakwebsite.test.TestEventsICSET.setdetailblank(TestEventsICSET.java:66)
	at java.base/java.util.ArrayList.forEach(ArrayList.java:1511)
... Removed 29 stack frames</pre></div><a href='#' onClick='toggleBox("stack-trace1700078557", this, "Click to show all stack frames", "Click to hide stack frames")'>Click to show all stack frames</a>
<div class='stack-trace' id='stack-trace1700078557'><pre>java.lang.AssertionError: The following asserts failed:
	Blank Name is invalid expected [true] but found [false],
	Blank Email is invalid expected [true] but found [false],
	Blank Number is invalid expected [true] but found [false]
	at org.testng.asserts.SoftAssert.assertAll(SoftAssert.java:46)
	at org.testng.asserts.SoftAssert.assertAll(SoftAssert.java:30)
	at org.ictakwebsite.test.TestEventsICSET.setdetailblank(TestEventsICSET.java:66)
	at java.base/jdk.internal.reflect.NativeMethodAccessorImpl.invoke0(Native Method)
	at java.base/jdk.internal.reflect.NativeMethodAccessorImpl.invoke(NativeMethodAccessorImpl.java:77)
	at java.base/jdk.internal.reflect.DelegatingMethodAccessorImpl.invoke(DelegatingMethodAccessorImpl.java:43)
	at java.base/java.lang.reflect.Method.invoke(Method.java:568)
	at org.testng.internal.invokers.MethodInvocationHelper.invokeMethod(MethodInvocationHelper.java:139)
	at org.testng.internal.invokers.TestInvoker.invokeMethod(TestInvoker.java:664)
	at org.testng.internal.invokers.TestInvoker.invokeTestMethod(TestInvoker.java:227)
	at org.testng.internal.invokers.MethodRunner.runInSequence(MethodRunner.java:50)
	at org.testng.internal.invokers.TestInvoker$MethodInvocationAgent.invoke(TestInvoker.java:957)
	at org.testng.internal.invokers.TestInvoker.invokeTestMethods(TestInvoker.java:200)
	at org.testng.internal.invokers.TestMethodWorker.invokeTestMethods(TestMethodWorker.java:148)
	at org.testng.internal.invokers.TestMethodWorker.run(TestMethodWorker.java:128)
	at java.base/java.util.ArrayList.forEach(ArrayList.java:1511)
	at org.testng.TestRunner.privateRun(TestRunner.java:848)
	at org.testng.TestRunner.run(TestRunner.java:621)
	at org.testng.SuiteRunner.runTest(SuiteRunner.java:443)
	at org.testng.SuiteRunner.runSequentially(SuiteRunner.java:437)
	at org.testng.SuiteRunner.privateRun(SuiteRunner.java:397)
	at org.testng.SuiteRunner.run(SuiteRunner.java:336)
	at org.testng.SuiteRunnerWorker.runSuite(SuiteRunnerWorker.java:52)
	at org.testng.SuiteRunnerWorker.run(SuiteRunnerWorker.java:95)
	at org.testng.TestNG.runSuitesSequentially(TestNG.java:1280)
	at org.testng.TestNG.runSuitesLocally(TestNG.java:1200)
	at org.testng.TestNG.runSuites(TestNG.java:1114)
	at org.testng.TestNG.run(TestNG.java:1082)
	at org.testng.remote.AbstractRemoteTestNG.run(AbstractRemoteTestNG.java:115)
	at org.testng.remote.RemoteTestNG.initAndRun(RemoteTestNG.java:251)
	at org.testng.remote.RemoteTestNG.main(RemoteTestNG.java:77)
</pre></div></td>
<td>0</td>
<td>org.ictakwebsite.test.TestEventsICSET@2a265ea9</td></tr>
<tr>
<td title='org.ictakwebsite.test.TestEventsICSET.setdetailsinvalid_testcase_1()'><b>setdetailsinvalid_testcase_1</b><br>Test class: org.ictakwebsite.test.TestEventsICSET</td>
<td><div><pre>java.lang.AssertionError: The following asserts failed:
	Numbers are not allowed in Name field expected [true] but found [false],
	Invalid email expected [true] but found [false],
	Number greater than 10 is invalid expected [true] but found [false],
	Register button is enabled expected [false] but found [true]
	at org.ictakwebsite.test.TestEventsICSET.setdetailsinvalid_testcase_1(TestEventsICSET.java:96)
	at java.base/java.util.ArrayList.forEach(ArrayList.java:1511)
... Removed 29 stack frames</pre></div><a href='#' onClick='toggleBox("stack-trace1833973673", this, "Click to show all stack frames", "Click to hide stack frames")'>Click to show all stack frames</a>
<div class='stack-trace' id='stack-trace1833973673'><pre>java.lang.AssertionError: The following asserts failed:
	Numbers are not allowed in Name field expected [true] but found [false],
	Invalid email expected [true] but found [false],
	Number greater than 10 is invalid expected [true] but found [false],
	Register button is enabled expected [false] but found [true]
	at org.testng.asserts.SoftAssert.assertAll(SoftAssert.java:46)
	at org.testng.asserts.SoftAssert.assertAll(SoftAssert.java:30)
	at org.ictakwebsite.test.TestEventsICSET.setdetailsinvalid_testcase_1(TestEventsICSET.java:96)
	at java.base/jdk.internal.reflect.NativeMethodAccessorImpl.invoke0(Native Method)
	at java.base/jdk.internal.reflect.NativeMethodAccessorImpl.invoke(NativeMethodAccessorImpl.java:77)
	at java.base/jdk.internal.reflect.DelegatingMethodAccessorImpl.invoke(DelegatingMethodAccessorImpl.java:43)
	at java.base/java.lang.reflect.Method.invoke(Method.java:568)
	at org.testng.internal.invokers.MethodInvocationHelper.invokeMethod(MethodInvocationHelper.java:139)
	at org.testng.internal.invokers.TestInvoker.invokeMethod(TestInvoker.java:664)
	at org.testng.internal.invokers.TestInvoker.invokeTestMethod(TestInvoker.java:227)
	at org.testng.internal.invokers.MethodRunner.runInSequence(MethodRunner.java:50)
	at org.testng.internal.invokers.TestInvoker$MethodInvocationAgent.invoke(TestInvoker.java:957)
	at org.testng.internal.invokers.TestInvoker.invokeTestMethods(TestInvoker.java:200)
	at org.testng.internal.invokers.TestMethodWorker.invokeTestMethods(TestMethodWorker.java:148)
	at org.testng.internal.invokers.TestMethodWorker.run(TestMethodWorker.java:128)
	at java.base/java.util.ArrayList.forEach(ArrayList.java:1511)
	at org.testng.TestRunner.privateRun(TestRunner.java:848)
	at org.testng.TestRunner.run(TestRunner.java:621)
	at org.testng.SuiteRunner.runTest(SuiteRunner.java:443)
	at org.testng.SuiteRunner.runSequentially(SuiteRunner.java:437)
	at org.testng.SuiteRunner.privateRun(SuiteRunner.java:397)
	at org.testng.SuiteRunner.run(SuiteRunner.java:336)
	at org.testng.SuiteRunnerWorker.runSuite(SuiteRunnerWorker.java:52)
	at org.testng.SuiteRunnerWorker.run(SuiteRunnerWorker.java:95)
	at org.testng.TestNG.runSuitesSequentially(TestNG.java:1280)
	at org.testng.TestNG.runSuitesLocally(TestNG.java:1200)
	at org.testng.TestNG.runSuites(TestNG.java:1114)
	at org.testng.TestNG.run(TestNG.java:1082)
	at org.testng.remote.AbstractRemoteTestNG.run(AbstractRemoteTestNG.java:115)
	at org.testng.remote.RemoteTestNG.initAndRun(RemoteTestNG.java:251)
	at org.testng.remote.RemoteTestNG.main(RemoteTestNG.java:77)
</pre></div></td>
<td>1</td>
<td>org.ictakwebsite.test.TestEventsICSET@2a265ea9</td></tr>
<tr>
<td title='org.ictakwebsite.test.TestEventsICSET.setdetailsinvalid_testcase_2()'><b>setdetailsinvalid_testcase_2</b><br>Test class: org.ictakwebsite.test.TestEventsICSET</td>
<td><div><pre>java.lang.AssertionError: The following asserts failed:
	Special characters are not allowed in Name field expected [true] but found [false],
	@ should be present between domain name and username expected [true] but found [false],
	Number less than 10 is invalid expected [true] but found [false],
	Register button is enabled expected [false] but found [true]
	at org.ictakwebsite.test.TestEventsICSET.setdetailsinvalid_testcase_2(TestEventsICSET.java:112)
	at java.base/java.util.ArrayList.forEach(ArrayList.java:1511)
... Removed 29 stack frames</pre></div><a href='#' onClick='toggleBox("stack-trace1434506799", this, "Click to show all stack frames", "Click to hide stack frames")'>Click to show all stack frames</a>
<div class='stack-trace' id='stack-trace1434506799'><pre>java.lang.AssertionError: The following asserts failed:
	Special characters are not allowed in Name field expected [true] but found [false],
	@ should be present between domain name and username expected [true] but found [false],
	Number less than 10 is invalid expected [true] but found [false],
	Register button is enabled expected [false] but found [true]
	at org.testng.asserts.SoftAssert.assertAll(SoftAssert.java:46)
	at org.testng.asserts.SoftAssert.assertAll(SoftAssert.java:30)
	at org.ictakwebsite.test.TestEventsICSET.setdetailsinvalid_testcase_2(TestEventsICSET.java:112)
	at java.base/jdk.internal.reflect.NativeMethodAccessorImpl.invoke0(Native Method)
	at java.base/jdk.internal.reflect.NativeMethodAccessorImpl.invoke(NativeMethodAccessorImpl.java:77)
	at java.base/jdk.internal.reflect.DelegatingMethodAccessorImpl.invoke(DelegatingMethodAccessorImpl.java:43)
	at java.base/java.lang.reflect.Method.invoke(Method.java:568)
	at org.testng.internal.invokers.MethodInvocationHelper.invokeMethod(MethodInvocationHelper.java:139)
	at org.testng.internal.invokers.TestInvoker.invokeMethod(TestInvoker.java:664)
	at org.testng.internal.invokers.TestInvoker.invokeTestMethod(TestInvoker.java:227)
	at org.testng.internal.invokers.MethodRunner.runInSequence(MethodRunner.java:50)
	at org.testng.internal.invokers.TestInvoker$MethodInvocationAgent.invoke(TestInvoker.java:957)
	at org.testng.internal.invokers.TestInvoker.invokeTestMethods(TestInvoker.java:200)
	at org.testng.internal.invokers.TestMethodWorker.invokeTestMethods(TestMethodWorker.java:148)
	at org.testng.internal.invokers.TestMethodWorker.run(TestMethodWorker.java:128)
	at java.base/java.util.ArrayList.forEach(ArrayList.java:1511)
	at org.testng.TestRunner.privateRun(TestRunner.java:848)
	at org.testng.TestRunner.run(TestRunner.java:621)
	at org.testng.SuiteRunner.runTest(SuiteRunner.java:443)
	at org.testng.SuiteRunner.runSequentially(SuiteRunner.java:437)
	at org.testng.SuiteRunner.privateRun(SuiteRunner.java:397)
	at org.testng.SuiteRunner.run(SuiteRunner.java:336)
	at org.testng.SuiteRunnerWorker.runSuite(SuiteRunnerWorker.java:52)
	at org.testng.SuiteRunnerWorker.run(SuiteRunnerWorker.java:95)
	at org.testng.TestNG.runSuitesSequentially(TestNG.java:1280)
	at org.testng.TestNG.runSuitesLocally(TestNG.java:1200)
	at org.testng.TestNG.runSuites(TestNG.java:1114)
	at org.testng.TestNG.run(TestNG.java:1082)
	at org.testng.remote.AbstractRemoteTestNG.run(AbstractRemoteTestNG.java:115)
	at org.testng.remote.RemoteTestNG.initAndRun(RemoteTestNG.java:251)
	at org.testng.remote.RemoteTestNG.main(RemoteTestNG.java:77)
</pre></div></td>
<td>4</td>
<td>org.ictakwebsite.test.TestEventsICSET@2a265ea9</td></tr>
</table><p>
<table width='100%' border='1' class='invocation-passed'>
<tr><td colspan='4' align='center'><b>PASSED TESTS</b></td></tr>
<tr><td><b>Test method</b></td>
<td><b>Attribute(s)</b></td>
<td width="30%"><b>Exception</b></td>
<td width="10%"><b>Time (seconds)</b></td>
<td><b>Instance</b></td>
</tr>
<tr>
<td title='org.ictakwebsite.test.TestMembership.setHome()'><b>setHome</b><br>Test class: org.ictakwebsite.test.TestMembership</td>
<td></td>
<td>3</td>
<td>org.ictakwebsite.test.TestMembership@11392934</td></tr>
<tr>
<td title='org.ictakwebsite.test.TestSuperAdmin.setDetails()'><b>setDetails</b><br>Test class: org.ictakwebsite.test.TestSuperAdmin</td>
<td></td>
<td>0</td>
<td>org.ictakwebsite.test.TestSuperAdmin@6892b3b6</td></tr>
<tr>
<td title='org.ictakwebsite.test.TestPage.contactUs()'><b>contactUs</b><br>Test class: org.ictakwebsite.test.TestPage</td>
<td></td>
<td>0</td>
<td>org.ictakwebsite.test.TestPage@4145bad8</td></tr>
<tr>
<td title='org.ictakwebsite.test.TestSuperAdmin.setDetailspositive()'><b>setDetailspositive</b><br>Test class: org.ictakwebsite.test.TestSuperAdmin</td>
<td></td>
<td>9</td>
<td>org.ictakwebsite.test.TestSuperAdmin@6892b3b6</td></tr>
<tr>
<td title='org.ictakwebsite.test.TestPage.courses()'><b>courses</b><br>Test class: org.ictakwebsite.test.TestPage</td>
<td></td>
<td>0</td>
<td>org.ictakwebsite.test.TestPage@4145bad8</td></tr>
<tr>
<td title='org.ictakwebsite.test.TestPage.aboutUs()'><b>aboutUs</b><br>Test class: org.ictakwebsite.test.TestPage</td>
<td></td>
<td>1</td>
<td>org.ictakwebsite.test.TestPage@4145bad8</td></tr>
<tr>
<td title='org.ictakwebsite.test.TestSuperAdmin.getheaders()'><b>getheaders</b><br>Test class: org.ictakwebsite.test.TestSuperAdmin</td>
<td></td>
<td>0</td>
<td>org.ictakwebsite.test.TestSuperAdmin@6892b3b6</td></tr>
<tr>
<td title='org.ictakwebsite.test.TestCourseRegistrationDownload.downloadTest()'><b>downloadTest</b><br>Test class: org.ictakwebsite.test.TestCourseRegistrationDownload</td>
<td></td>
<td>33</td>
<td>org.ictakwebsite.test.TestCourseRegistrationDownload@793f29ff</td></tr>
<tr>
<td title='org.ictakwebsite.test.TestEventsICSET.formheading2()'><b>formheading2</b><br>Test class: org.ictakwebsite.test.TestEventsICSET</td>
<td></td>
<td>0</td>
<td>org.ictakwebsite.test.TestEventsICSET@2a265ea9</td></tr>
<tr>
<td title='org.ictakwebsite.test.TestPage.setHome()'><b>setHome</b><br>Test class: org.ictakwebsite.test.TestPage</td>
<td></td>
<td>6</td>
<td>org.ictakwebsite.test.TestPage@4145bad8</td></tr>
<tr>
<td title='org.ictakwebsite.test.TestMembership.validdetails()'><b>validdetails</b><br>Test class: org.ictakwebsite.test.TestMembership</td>
<td></td>
<td>9</td>
<td>org.ictakwebsite.test.TestMembership@11392934</td></tr>
<tr>
<td title='org.ictakwebsite.test.TestSuperAdmin.setDetailswrongpass()'><b>setDetailswrongpass</b><br>Test class: org.ictakwebsite.test.TestSuperAdmin</td>
<td></td>
<td>16</td>
<td>org.ictakwebsite.test.TestSuperAdmin@6892b3b6</td></tr>
<tr>
<td title='org.ictakwebsite.test.TestPartnershipDownload.downloadTest()'><b>downloadTest</b><br>Test class: org.ictakwebsite.test.TestPartnershipDownload</td>
<td></td>
<td>16</td>
<td>org.ictakwebsite.test.TestPartnershipDownload@5d0bf09b</td></tr>
<tr>
<td title='org.ictakwebsite.test.TestEventsICSET.clickEvents()'><b>clickEvents</b><br>Test class: org.ictakwebsite.test.TestEventsICSET</td>
<td></td>
<td>1</td>
<td>org.ictakwebsite.test.TestEventsICSET@2a265ea9</td></tr>
<tr>
<td title='org.ictakwebsite.test.TestEventsICSET.formheading1()'><b>formheading1</b><br>Test class: org.ictakwebsite.test.TestEventsICSET</td>
<td></td>
<td>0</td>
<td>org.ictakwebsite.test.TestEventsICSET@2a265ea9</td></tr>
<tr>
<td title='org.ictakwebsite.test.TestCorporateMembershipDownload.downloadTest()'><b>downloadTest</b><br>Test class: org.ictakwebsite.test.TestCorporateMembershipDownload</td>
<td></td>
<td>19</td>
<td>org.ictakwebsite.test.TestCorporateMembershipDownload@248e319b</td></tr>
<tr>
<td title='org.ictakwebsite.test.TestEventsICSET.setdetailsvalid()'><b>setdetailsvalid</b><br>Test class: org.ictakwebsite.test.TestEventsICSET</td>
<td></td>
<td>4</td>
<td>org.ictakwebsite.test.TestEventsICSET@2a265ea9</td></tr>
<tr>
<td title='org.ictakwebsite.test.TestContactUs.validdetails()'><b>validdetails</b><br>Test class: org.ictakwebsite.test.TestContactUs</td>
<td></td>
<td>0</td>
<td>org.ictakwebsite.test.TestContactUs@6d4d66d2</td></tr>
</table><p>
</body>
</html>