<?xml version="1.0" encoding="UTF-8"?>
<!-- Generated by org.testng.reporters.JUnitXMLReporter -->
<testsuite ignored="7" hostname="DESKTOP-OO6K2I5" failures="6" tests="24" name="Test" time="174.63" errors="0" timestamp="2024-01-08T12:23:01 IST">
  <testcase classname="org.ictakwebsite.test.TestPage" name="aboutUs" time="1.912"/>
  <testcase classname="org.ictakwebsite.test.TestPage" name="setHome" time="6.075"/>
  <testcase classname="org.ictakwebsite.test.TestPage" name="courses" time="0.303"/>
  <testcase classname="org.ictakwebsite.test.TestPage" name="contactUs" time="0.981"/>
  <testcase classname="org.ictakwebsite.test.TestContactUs" name="invaliddetails" time="0.934">
    <failure type="java.lang.AssertionError" message="The following asserts failed:
	expected [G1 Ground Floor Thejaswini Building] but found [G1 Ground Floor Thejaswini Building Technopark Thiruvananthapuram Kerala India]">
      <![CDATA[java.lang.AssertionError: The following asserts failed:
expected [G1 Ground Floor Thejaswini Building] but found [G1 Ground Floor Thejaswini Building Technopark Thiruvananthapuram Kerala India]
at org.ictakwebsite.test.TestContactUs.invaliddetails(TestContactUs.java:37)
at java.base/java.util.ArrayList.forEach(ArrayList.java:1511)
... Removed 29 stack frames]]>
    </failure>
  </testcase> <!-- invaliddetails -->
  <testcase classname="org.ictakwebsite.test.TestContactUs" name="validdetails" time="0.317"/>
  <testcase classname="org.ictakwebsite.test.TestEventsICSET" name="clickEvents" time="1.69"/>
  <testcase classname="org.ictakwebsite.test.TestEventsICSET" name="formheading1" time="0.671"/>
  <testcase classname="org.ictakwebsite.test.TestEventsICSET" name="formheading2" time="0.096"/>
  <testcase classname="org.ictakwebsite.test.TestEventsICSET" name="setdetailblank" time="0.919">
    <failure type="java.lang.AssertionError" message="The following asserts failed:
	Blank Name is invalid expected [true] but found [false],
	Blank Email is invalid expected [true] but found [false],
	Blank Number is invalid expected [true] but found [false]">
      <![CDATA[java.lang.AssertionError: The following asserts failed:
Blank Name is invalid expected [true] but found [false],
Blank Email is invalid expected [true] but found [false],
Blank Number is invalid expected [true] but found [false]
at org.ictakwebsite.test.TestEventsICSET.setdetailblank(TestEventsICSET.java:66)
at java.base/java.util.ArrayList.forEach(ArrayList.java:1511)
... Removed 29 stack frames]]>
    </failure>
  </testcase> <!-- setdetailblank -->
  <testcase classname="org.ictakwebsite.test.TestEventsICSET" name="setdetailsinvalid_testcase_1" time="1.421">
    <failure type="java.lang.AssertionError" message="The following asserts failed:
	Numbers are not allowed in Name field expected [true] but found [false],
	Invalid email expected [true] but found [false],
	Number greater than 10 is invalid expected [true] but found [false],
	Register button is enabled expected [false] but found [true]">
      <![CDATA[java.lang.AssertionError: The following asserts failed:
Numbers are not allowed in Name field expected [true] but found [false],
Invalid email expected [true] but found [false],
Number greater than 10 is invalid expected [true] but found [false],
Register button is enabled expected [false] but found [true]
at org.ictakwebsite.test.TestEventsICSET.setdetailsinvalid_testcase_1(TestEventsICSET.java:96)
at java.base/java.util.ArrayList.forEach(ArrayList.java:1511)
... Removed 29 stack frames]]>
    </failure>
  </testcase> <!-- setdetailsinvalid_testcase_1 -->
  <testcase classname="org.ictakwebsite.test.TestEventsICSET" name="setdetailsinvalid_testcase_2" time="4.749">
    <failure type="java.lang.AssertionError" message="The following asserts failed:
	Special characters are not allowed in Name field expected [true] but found [false],
	@ should be present between domain name and username expected [true] but found [false],
	Number less than 10 is invalid expected [true] but found [false],
	Register button is enabled expected [false] but found [true]">
      <![CDATA[java.lang.AssertionError: The following asserts failed:
Special characters are not allowed in Name field expected [true] but found [false],
@ should be present between domain name and username expected [true] but found [false],
Number less than 10 is invalid expected [true] but found [false],
Register button is enabled expected [false] but found [true]
at org.ictakwebsite.test.TestEventsICSET.setdetailsinvalid_testcase_2(TestEventsICSET.java:112)
at java.base/java.util.ArrayList.forEach(ArrayList.java:1511)
... Removed 29 stack frames]]>
    </failure>
  </testcase> <!-- setdetailsinvalid_testcase_2 -->
  <testcase classname="org.ictakwebsite.test.TestEventsICSET" name="setdetailsvalid" time="4.017"/>
  <testcase classname="org.ictakwebsite.test.TestMembership" name="setHome" time="3.477"/>
  <testcase classname="org.ictakwebsite.test.TestMembership" name="validdetails" time="9.592"/>
  <testcase classname="org.ictakwebsite.test.TestMembership" name="invalidname" time="8.234">
    <failure type="java.lang.AssertionError" message="The following asserts failed:
	Invalid name expected [true] but found [false],
	Invalid Name for head of the organization expected [true] but found [false],
	Invalid contact name expected [true] but found [false],
	Invalid phone number expected [true] but found [false],
	Invalid count expected [true] but found [false]">
      <![CDATA[java.lang.AssertionError: The following asserts failed:
Invalid name expected [true] but found [false],
Invalid Name for head of the organization expected [true] but found [false],
Invalid contact name expected [true] but found [false],
Invalid phone number expected [true] but found [false],
Invalid count expected [true] but found [false]
at org.ictakwebsite.test.TestMembership.invalidname(TestMembership.java:107)
at java.base/java.util.ArrayList.forEach(ArrayList.java:1511)
... Removed 29 stack frames]]>
    </failure>
  </testcase> <!-- invalidname -->
  <testcase classname="org.ictakwebsite.test.TestMembership" name="blankdetails" time="5.882">
    <failure type="java.lang.AssertionError" message="The following asserts failed:
	Blank Name is Invalid expected [true] but found [false],
	Head of the Organization cannot be blank expected [true] but found [false],
	Blank Website is invalid expected [true] but found [false],
	Blank Name Of Contact is Invalid expected [true] but found [false],
	Blank Phone Number is Invalid expected [true] but found [false],
	Blank Email is Invalid expected [true] but found [false],
	Blank Employee Count is Invalid expected [true] but found [false],
	Register button is enabled expected [false] but found [true]">
      <![CDATA[java.lang.AssertionError: The following asserts failed:
Blank Name is Invalid expected [true] but found [false],
Head of the Organization cannot be blank expected [true] but found [false],
Blank Website is invalid expected [true] but found [false],
Blank Name Of Contact is Invalid expected [true] but found [false],
Blank Phone Number is Invalid expected [true] but found [false],
Blank Email is Invalid expected [true] but found [false],
Blank Employee Count is Invalid expected [true] but found [false],
Register button is enabled expected [false] but found [true]
at org.ictakwebsite.test.TestMembership.blankdetails(TestMembership.java:142)
at java.base/java.util.ArrayList.forEach(ArrayList.java:1511)
... Removed 29 stack frames]]>
    </failure>
  </testcase> <!-- blankdetails -->
  <testcase classname="org.ictakwebsite.test.TestSuperAdmin" name="getheaders" time="0.983"/>
  <testcase classname="org.ictakwebsite.test.TestSuperAdmin" name="setDetails" time="0.848"/>
  <testcase classname="org.ictakwebsite.test.TestSuperAdmin" name="setDetailspositive" time="9.46"/>
  <testcase classname="org.ictakwebsite.test.TestSuperAdmin" name="setDetailswrongpass" time="16.727"/>
  <testcase classname="org.ictakwebsite.test.TestCorporateMembershipDownload" name="downloadTest" time="19.332"/>
  <testcase classname="org.ictakwebsite.test.TestPartnershipDownload" name="downloadTest" time="16.053"/>
  <testcase classname="org.ictakwebsite.test.TestCourseRegistrationDownload" name="downloadTest" time="33.681"/>
  <testcase classname="org.ictakwebsite.test.TestBase" name="@BeforeTest setUp" time="0.0">
    <ignored/>
  </testcase> <!-- @BeforeTest setUp -->
  <testcase classname="org.ictakwebsite.test.TestBase" name="@BeforeTest setUp" time="0.0">
    <ignored/>
  </testcase> <!-- @BeforeTest setUp -->
  <testcase classname="org.ictakwebsite.test.TestBase" name="@BeforeTest setUp" time="0.0">
    <ignored/>
  </testcase> <!-- @BeforeTest setUp -->
  <testcase classname="org.ictakwebsite.test.TestBase" name="@BeforeTest setUp" time="0.0">
    <ignored/>
  </testcase> <!-- @BeforeTest setUp -->
  <testcase classname="org.ictakwebsite.test.TestBase" name="@BeforeTest setUp" time="0.0">
    <ignored/>
  </testcase> <!-- @BeforeTest setUp -->
  <testcase classname="org.ictakwebsite.test.TestBase" name="@BeforeTest setUp" time="0.0">
    <ignored/>
  </testcase> <!-- @BeforeTest setUp -->
  <testcase classname="org.ictakwebsite.test.TestBase" name="@BeforeTest setUp" time="0.0">
    <ignored/>
  </testcase> <!-- @BeforeTest setUp -->
</testsuite> <!-- Test -->
