<?xml version="1.0" encoding="UTF-8"?>
<testng-results ignored="0" total="24" passed="18" failed="6" skipped="0">
  <reporter-output>
  </reporter-output>
  <suite started-at="2024-01-08T12:20:06 IST" name="Suite" finished-at="2024-01-08T12:23:01 IST" duration-ms="174630">
    <groups>
    </groups>
    <test started-at="2024-01-08T12:20:06 IST" name="Test" finished-at="2024-01-08T12:23:01 IST" duration-ms="174630">
      <class name="org.ictakwebsite.test.TestCourseRegistrationDownload">
        <test-method is-config="true" signature="cleanFolder()[pri:0, instance:org.ictakwebsite.test.TestCourseRegistrationDownload@793f29ff]" started-at="2024-01-08T12:20:32 IST" name="cleanFolder" finished-at="2024-01-08T12:20:32 IST" depends-on-methods="org.ictakwebsite.test.TestBase.setUp" duration-ms="1" status="PASS">
          <reporter-output>
          </reporter-output>
        </test-method> <!-- cleanFolder -->
        <test-method signature="downloadTest()[pri:0, instance:org.ictakwebsite.test.TestCourseRegistrationDownload@793f29ff]" started-at="2024-01-08T12:22:27 IST" name="downloadTest" finished-at="2024-01-08T12:23:01 IST" duration-ms="33681" status="PASS">
          <reporter-output>
          </reporter-output>
        </test-method> <!-- downloadTest -->
      </class> <!-- org.ictakwebsite.test.TestCourseRegistrationDownload -->
      <class name="org.ictakwebsite.test.TestMembership">
        <test-method is-config="true" signature="setup()[pri:0, instance:org.ictakwebsite.test.TestMembership@11392934]" started-at="2024-01-08T12:20:56 IST" name="setup" finished-at="2024-01-08T12:20:56 IST" duration-ms="73" status="PASS">
          <reporter-output>
          </reporter-output>
        </test-method> <!-- setup -->
        <test-method signature="setHome()[pri:-1, instance:org.ictakwebsite.test.TestMembership@11392934]" started-at="2024-01-08T12:20:56 IST" name="setHome" finished-at="2024-01-08T12:21:00 IST" duration-ms="3477" status="PASS">
          <reporter-output>
          </reporter-output>
        </test-method> <!-- setHome -->
        <test-method is-config="true" signature="setup()[pri:0, instance:org.ictakwebsite.test.TestMembership@11392934]" started-at="2024-01-08T12:21:00 IST" name="setup" finished-at="2024-01-08T12:21:00 IST" duration-ms="3" status="PASS">
          <reporter-output>
          </reporter-output>
        </test-method> <!-- setup -->
        <test-method signature="validdetails()[pri:0, instance:org.ictakwebsite.test.TestMembership@11392934]" started-at="2024-01-08T12:21:00 IST" name="validdetails" finished-at="2024-01-08T12:21:09 IST" duration-ms="9592" status="PASS">
          <reporter-output>
          </reporter-output>
        </test-method> <!-- validdetails -->
        <test-method is-config="true" signature="setup()[pri:0, instance:org.ictakwebsite.test.TestMembership@11392934]" started-at="2024-01-08T12:21:09 IST" name="setup" finished-at="2024-01-08T12:21:09 IST" duration-ms="6" status="PASS">
          <reporter-output>
          </reporter-output>
        </test-method> <!-- setup -->
        <test-method signature="invalidname()[pri:1, instance:org.ictakwebsite.test.TestMembership@11392934]" started-at="2024-01-08T12:21:09 IST" name="invalidname" finished-at="2024-01-08T12:21:18 IST" duration-ms="8234" status="FAIL">
          <exception class="java.lang.AssertionError">
            <message>
              <![CDATA[The following asserts failed:
Invalid name expected [true] but found [false],
Invalid Name for head of the organization expected [true] but found [false],
Invalid contact name expected [true] but found [false],
Invalid phone number expected [true] but found [false],
Invalid count expected [true] but found [false]]]>
            </message>
            <full-stacktrace>
              <![CDATA[java.lang.AssertionError: The following asserts failed:
Invalid name expected [true] but found [false],
Invalid Name for head of the organization expected [true] but found [false],
Invalid contact name expected [true] but found [false],
Invalid phone number expected [true] but found [false],
Invalid count expected [true] but found [false]
at org.testng.asserts.SoftAssert.assertAll(SoftAssert.java:46)
at org.testng.asserts.SoftAssert.assertAll(SoftAssert.java:30)
at org.ictakwebsite.test.TestMembership.invalidname(TestMembership.java:107)
at java.base/jdk.internal.reflect.NativeMethodAccessorImpl.invoke0(Native Method)
at java.base/jdk.internal.reflect.NativeMethodAccessorImpl.invoke(NativeMethodAccessorImpl.java:77)
at java.base/jdk.internal.reflect.DelegatingMethodAccessorImpl.invoke(DelegatingMethodAccessorImpl.java:43)
at java.base/java.lang.reflect.Method.invoke(Method.java:568)
at org.testng.internal.invokers.MethodInvocationHelper.invokeMethod(MethodInvocationHelper.java:139)
at org.testng.internal.invokers.TestInvoker.invokeMethod(TestInvoker.java:664)
at org.testng.internal.invokers.TestInvoker.invokeTestMethod(TestInvoker.java:227)
at org.testng.internal.invokers.MethodRunner.runInSequence(MethodRunner.java:50)
at org.testng.internal.invokers.TestInvoker$MethodInvocationAgent.invoke(TestInvoker.java:957)
at org.testng.internal.invokers.TestInvoker.invokeTestMethods(TestInvoker.java:200)
at org.testng.internal.invokers.TestMethodWorker.invokeTestMethods(TestMethodWorker.java:148)
at org.testng.internal.invokers.TestMethodWorker.run(TestMethodWorker.java:128)
at java.base/java.util.ArrayList.forEach(ArrayList.java:1511)
at org.testng.TestRunner.privateRun(TestRunner.java:848)
at org.testng.TestRunner.run(TestRunner.java:621)
at org.testng.SuiteRunner.runTest(SuiteRunner.java:443)
at org.testng.SuiteRunner.runSequentially(SuiteRunner.java:437)
at org.testng.SuiteRunner.privateRun(SuiteRunner.java:397)
at org.testng.SuiteRunner.run(SuiteRunner.java:336)
at org.testng.SuiteRunnerWorker.runSuite(SuiteRunnerWorker.java:52)
at org.testng.SuiteRunnerWorker.run(SuiteRunnerWorker.java:95)
at org.testng.TestNG.runSuitesSequentially(TestNG.java:1280)
at org.testng.TestNG.runSuitesLocally(TestNG.java:1200)
at org.testng.TestNG.runSuites(TestNG.java:1114)
at org.testng.TestNG.run(TestNG.java:1082)
at org.testng.remote.AbstractRemoteTestNG.run(AbstractRemoteTestNG.java:115)
at org.testng.remote.RemoteTestNG.initAndRun(RemoteTestNG.java:251)
at org.testng.remote.RemoteTestNG.main(RemoteTestNG.java:77)
]]>
            </full-stacktrace>
          </exception> <!-- java.lang.AssertionError -->
          <reporter-output>
          </reporter-output>
        </test-method> <!-- invalidname -->
        <test-method is-config="true" signature="setup()[pri:0, instance:org.ictakwebsite.test.TestMembership@11392934]" started-at="2024-01-08T12:21:18 IST" name="setup" finished-at="2024-01-08T12:21:18 IST" duration-ms="1" status="PASS">
          <reporter-output>
          </reporter-output>
        </test-method> <!-- setup -->
        <test-method signature="blankdetails()[pri:2, instance:org.ictakwebsite.test.TestMembership@11392934]" started-at="2024-01-08T12:21:18 IST" name="blankdetails" finished-at="2024-01-08T12:21:23 IST" duration-ms="5882" status="FAIL">
          <exception class="java.lang.AssertionError">
            <message>
              <![CDATA[The following asserts failed:
Blank Name is Invalid expected [true] but found [false],
Head of the Organization cannot be blank expected [true] but found [false],
Blank Website is invalid expected [true] but found [false],
Blank Name Of Contact is Invalid expected [true] but found [false],
Blank Phone Number is Invalid expected [true] but found [false],
Blank Email is Invalid expected [true] but found [false],
Blank Employee Count is Invalid expected [true] but found [false],
Register button is enabled expected [false] but found [true]]]>
            </message>
            <full-stacktrace>
              <![CDATA[java.lang.AssertionError: The following asserts failed:
Blank Name is Invalid expected [true] but found [false],
Head of the Organization cannot be blank expected [true] but found [false],
Blank Website is invalid expected [true] but found [false],
Blank Name Of Contact is Invalid expected [true] but found [false],
Blank Phone Number is Invalid expected [true] but found [false],
Blank Email is Invalid expected [true] but found [false],
Blank Employee Count is Invalid expected [true] but found [false],
Register button is enabled expected [false] but found [true]
at org.testng.asserts.SoftAssert.assertAll(SoftAssert.java:46)
at org.testng.asserts.SoftAssert.assertAll(SoftAssert.java:30)
at org.ictakwebsite.test.TestMembership.blankdetails(TestMembership.java:142)
at java.base/jdk.internal.reflect.NativeMethodAccessorImpl.invoke0(Native Method)
at java.base/jdk.internal.reflect.NativeMethodAccessorImpl.invoke(NativeMethodAccessorImpl.java:77)
at java.base/jdk.internal.reflect.DelegatingMethodAccessorImpl.invoke(DelegatingMethodAccessorImpl.java:43)
at java.base/java.lang.reflect.Method.invoke(Method.java:568)
at org.testng.internal.invokers.MethodInvocationHelper.invokeMethod(MethodInvocationHelper.java:139)
at org.testng.internal.invokers.TestInvoker.invokeMethod(TestInvoker.java:664)
at org.testng.internal.invokers.TestInvoker.invokeTestMethod(TestInvoker.java:227)
at org.testng.internal.invokers.MethodRunner.runInSequence(MethodRunner.java:50)
at org.testng.internal.invokers.TestInvoker$MethodInvocationAgent.invoke(TestInvoker.java:957)
at org.testng.internal.invokers.TestInvoker.invokeTestMethods(TestInvoker.java:200)
at org.testng.internal.invokers.TestMethodWorker.invokeTestMethods(TestMethodWorker.java:148)
at org.testng.internal.invokers.TestMethodWorker.run(TestMethodWorker.java:128)
at java.base/java.util.ArrayList.forEach(ArrayList.java:1511)
at org.testng.TestRunner.privateRun(TestRunner.java:848)
at org.testng.TestRunner.run(TestRunner.java:621)
at org.testng.SuiteRunner.runTest(SuiteRunner.java:443)
at org.testng.SuiteRunner.runSequentially(SuiteRunner.java:437)
at org.testng.SuiteRunner.privateRun(SuiteRunner.java:397)
at org.testng.SuiteRunner.run(SuiteRunner.java:336)
at org.testng.SuiteRunnerWorker.runSuite(SuiteRunnerWorker.java:52)
at org.testng.SuiteRunnerWorker.run(SuiteRunnerWorker.java:95)
at org.testng.TestNG.runSuitesSequentially(TestNG.java:1280)
at org.testng.TestNG.runSuitesLocally(TestNG.java:1200)
at org.testng.TestNG.runSuites(TestNG.java:1114)
at org.testng.TestNG.run(TestNG.java:1082)
at org.testng.remote.AbstractRemoteTestNG.run(AbstractRemoteTestNG.java:115)
at org.testng.remote.RemoteTestNG.initAndRun(RemoteTestNG.java:251)
at org.testng.remote.RemoteTestNG.main(RemoteTestNG.java:77)
]]>
            </full-stacktrace>
          </exception> <!-- java.lang.AssertionError -->
          <reporter-output>
          </reporter-output>
        </test-method> <!-- blankdetails -->
      </class> <!-- org.ictakwebsite.test.TestMembership -->
      <class name="org.ictakwebsite.test.TestContactUs">
        <test-method is-config="true" signature="setup()[pri:0, instance:org.ictakwebsite.test.TestContactUs@6d4d66d2]" started-at="2024-01-08T12:20:41 IST" name="setup" finished-at="2024-01-08T12:20:41 IST" duration-ms="29" status="PASS">
          <reporter-output>
          </reporter-output>
        </test-method> <!-- setup -->
        <test-method signature="invaliddetails()[pri:-1, instance:org.ictakwebsite.test.TestContactUs@6d4d66d2]" started-at="2024-01-08T12:20:41 IST" name="invaliddetails" finished-at="2024-01-08T12:20:42 IST" duration-ms="934" status="FAIL">
          <exception class="java.lang.AssertionError">
            <message>
              <![CDATA[The following asserts failed:
expected [G1 Ground Floor Thejaswini Building] but found [G1 Ground Floor Thejaswini Building Technopark Thiruvananthapuram Kerala India]]]>
            </message>
            <full-stacktrace>
              <![CDATA[java.lang.AssertionError: The following asserts failed:
expected [G1 Ground Floor Thejaswini Building] but found [G1 Ground Floor Thejaswini Building Technopark Thiruvananthapuram Kerala India]
at org.testng.asserts.SoftAssert.assertAll(SoftAssert.java:46)
at org.testng.asserts.SoftAssert.assertAll(SoftAssert.java:30)
at org.ictakwebsite.test.TestContactUs.invaliddetails(TestContactUs.java:37)
at java.base/jdk.internal.reflect.NativeMethodAccessorImpl.invoke0(Native Method)
at java.base/jdk.internal.reflect.NativeMethodAccessorImpl.invoke(NativeMethodAccessorImpl.java:77)
at java.base/jdk.internal.reflect.DelegatingMethodAccessorImpl.invoke(DelegatingMethodAccessorImpl.java:43)
at java.base/java.lang.reflect.Method.invoke(Method.java:568)
at org.testng.internal.invokers.MethodInvocationHelper.invokeMethod(MethodInvocationHelper.java:139)
at org.testng.internal.invokers.TestInvoker.invokeMethod(TestInvoker.java:664)
at org.testng.internal.invokers.TestInvoker.invokeTestMethod(TestInvoker.java:227)
at org.testng.internal.invokers.MethodRunner.runInSequence(MethodRunner.java:50)
at org.testng.internal.invokers.TestInvoker$MethodInvocationAgent.invoke(TestInvoker.java:957)
at org.testng.internal.invokers.TestInvoker.invokeTestMethods(TestInvoker.java:200)
at org.testng.internal.invokers.TestMethodWorker.invokeTestMethods(TestMethodWorker.java:148)
at org.testng.internal.invokers.TestMethodWorker.run(TestMethodWorker.java:128)
at java.base/java.util.ArrayList.forEach(ArrayList.java:1511)
at org.testng.TestRunner.privateRun(TestRunner.java:848)
at org.testng.TestRunner.run(TestRunner.java:621)
at org.testng.SuiteRunner.runTest(SuiteRunner.java:443)
at org.testng.SuiteRunner.runSequentially(SuiteRunner.java:437)
at org.testng.SuiteRunner.privateRun(SuiteRunner.java:397)
at org.testng.SuiteRunner.run(SuiteRunner.java:336)
at org.testng.SuiteRunnerWorker.runSuite(SuiteRunnerWorker.java:52)
at org.testng.SuiteRunnerWorker.run(SuiteRunnerWorker.java:95)
at org.testng.TestNG.runSuitesSequentially(TestNG.java:1280)
at org.testng.TestNG.runSuitesLocally(TestNG.java:1200)
at org.testng.TestNG.runSuites(TestNG.java:1114)
at org.testng.TestNG.run(TestNG.java:1082)
at org.testng.remote.AbstractRemoteTestNG.run(AbstractRemoteTestNG.java:115)
at org.testng.remote.RemoteTestNG.initAndRun(RemoteTestNG.java:251)
at org.testng.remote.RemoteTestNG.main(RemoteTestNG.java:77)
]]>
            </full-stacktrace>
          </exception> <!-- java.lang.AssertionError -->
          <reporter-output>
          </reporter-output>
        </test-method> <!-- invaliddetails -->
        <test-method signature="validdetails()[pri:0, instance:org.ictakwebsite.test.TestContactUs@6d4d66d2]" started-at="2024-01-08T12:20:42 IST" name="validdetails" finished-at="2024-01-08T12:20:42 IST" duration-ms="317" status="PASS">
          <reporter-output>
          </reporter-output>
        </test-method> <!-- validdetails -->
      </class> <!-- org.ictakwebsite.test.TestContactUs -->
      <class name="org.ictakwebsite.test.TestPage">
        <test-method is-config="true" signature="setUp()[pri:0, instance:org.ictakwebsite.test.TestPage@4145bad8]" started-at="2024-01-08T12:20:06 IST" name="setUp" finished-at="2024-01-08T12:20:32 IST" duration-ms="25480" status="PASS">
          <reporter-output>
          </reporter-output>
        </test-method> <!-- setUp -->
        <test-method is-config="true" signature="setup()[pri:0, instance:org.ictakwebsite.test.TestPage@4145bad8]" started-at="2024-01-08T12:20:32 IST" name="setup" finished-at="2024-01-08T12:20:32 IST" duration-ms="135" status="PASS">
          <reporter-output>
          </reporter-output>
        </test-method> <!-- setup -->
        <test-method signature="aboutUs()[pri:-1, instance:org.ictakwebsite.test.TestPage@4145bad8]" started-at="2024-01-08T12:20:32 IST" name="aboutUs" finished-at="2024-01-08T12:20:34 IST" duration-ms="1912" status="PASS">
          <reporter-output>
          </reporter-output>
        </test-method> <!-- aboutUs -->
        <test-method is-config="true" signature="setup()[pri:0, instance:org.ictakwebsite.test.TestPage@4145bad8]" started-at="2024-01-08T12:20:34 IST" name="setup" finished-at="2024-01-08T12:20:34 IST" duration-ms="1" status="PASS">
          <reporter-output>
          </reporter-output>
        </test-method> <!-- setup -->
        <test-method signature="setHome()[pri:0, instance:org.ictakwebsite.test.TestPage@4145bad8]" started-at="2024-01-08T12:20:34 IST" name="setHome" finished-at="2024-01-08T12:20:40 IST" duration-ms="6075" status="PASS">
          <reporter-output>
          </reporter-output>
        </test-method> <!-- setHome -->
        <test-method is-config="true" signature="setup()[pri:0, instance:org.ictakwebsite.test.TestPage@4145bad8]" started-at="2024-01-08T12:20:40 IST" name="setup" finished-at="2024-01-08T12:20:40 IST" duration-ms="1" status="PASS">
          <reporter-output>
          </reporter-output>
        </test-method> <!-- setup -->
        <test-method signature="courses()[pri:1, instance:org.ictakwebsite.test.TestPage@4145bad8]" started-at="2024-01-08T12:20:40 IST" name="courses" finished-at="2024-01-08T12:20:40 IST" duration-ms="303" status="PASS">
          <reporter-output>
          </reporter-output>
        </test-method> <!-- courses -->
        <test-method is-config="true" signature="setup()[pri:0, instance:org.ictakwebsite.test.TestPage@4145bad8]" started-at="2024-01-08T12:20:40 IST" name="setup" finished-at="2024-01-08T12:20:40 IST" duration-ms="13" status="PASS">
          <reporter-output>
          </reporter-output>
        </test-method> <!-- setup -->
        <test-method signature="contactUs()[pri:2, instance:org.ictakwebsite.test.TestPage@4145bad8]" started-at="2024-01-08T12:20:40 IST" name="contactUs" finished-at="2024-01-08T12:20:41 IST" duration-ms="981" status="PASS">
          <reporter-output>
          </reporter-output>
        </test-method> <!-- contactUs -->
      </class> <!-- org.ictakwebsite.test.TestPage -->
      <class name="org.ictakwebsite.test.TestPartnershipDownload">
        <test-method is-config="true" signature="cleanFolder()[pri:0, instance:org.ictakwebsite.test.TestPartnershipDownload@5d0bf09b]" started-at="2024-01-08T12:20:32 IST" name="cleanFolder" finished-at="2024-01-08T12:20:32 IST" depends-on-methods="org.ictakwebsite.test.TestBase.setUp" duration-ms="1" status="PASS">
          <reporter-output>
          </reporter-output>
        </test-method> <!-- cleanFolder -->
        <test-method signature="downloadTest()[pri:0, instance:org.ictakwebsite.test.TestPartnershipDownload@5d0bf09b]" started-at="2024-01-08T12:22:11 IST" name="downloadTest" finished-at="2024-01-08T12:22:27 IST" duration-ms="16053" status="PASS">
          <reporter-output>
          </reporter-output>
        </test-method> <!-- downloadTest -->
      </class> <!-- org.ictakwebsite.test.TestPartnershipDownload -->
      <class name="org.ictakwebsite.test.TestSuperAdmin">
        <test-method is-config="true" signature="setup()[pri:0, instance:org.ictakwebsite.test.TestSuperAdmin@6892b3b6]" started-at="2024-01-08T12:21:23 IST" name="setup" finished-at="2024-01-08T12:21:24 IST" duration-ms="40" status="PASS">
          <reporter-output>
          </reporter-output>
        </test-method> <!-- setup -->
        <test-method signature="getheaders()[pri:-1, instance:org.ictakwebsite.test.TestSuperAdmin@6892b3b6]" started-at="2024-01-08T12:21:24 IST" name="getheaders" finished-at="2024-01-08T12:21:24 IST" duration-ms="983" status="PASS">
          <reporter-output>
          </reporter-output>
        </test-method> <!-- getheaders -->
        <test-method is-config="true" signature="setup()[pri:0, instance:org.ictakwebsite.test.TestSuperAdmin@6892b3b6]" started-at="2024-01-08T12:21:24 IST" name="setup" finished-at="2024-01-08T12:21:24 IST" duration-ms="1" status="PASS">
          <reporter-output>
          </reporter-output>
        </test-method> <!-- setup -->
        <test-method signature="setDetails()[pri:0, instance:org.ictakwebsite.test.TestSuperAdmin@6892b3b6]" started-at="2024-01-08T12:21:24 IST" name="setDetails" finished-at="2024-01-08T12:21:25 IST" duration-ms="848" status="PASS">
          <reporter-output>
          </reporter-output>
        </test-method> <!-- setDetails -->
        <test-method is-config="true" signature="setup()[pri:0, instance:org.ictakwebsite.test.TestSuperAdmin@6892b3b6]" started-at="2024-01-08T12:21:25 IST" name="setup" finished-at="2024-01-08T12:21:25 IST" duration-ms="1" status="PASS">
          <reporter-output>
          </reporter-output>
        </test-method> <!-- setup -->
        <test-method signature="setDetailspositive()[pri:1, instance:org.ictakwebsite.test.TestSuperAdmin@6892b3b6]" started-at="2024-01-08T12:21:25 IST" name="setDetailspositive" finished-at="2024-01-08T12:21:35 IST" duration-ms="9460" status="PASS">
          <reporter-output>
          </reporter-output>
        </test-method> <!-- setDetailspositive -->
        <test-method is-config="true" signature="setup()[pri:0, instance:org.ictakwebsite.test.TestSuperAdmin@6892b3b6]" started-at="2024-01-08T12:21:35 IST" name="setup" finished-at="2024-01-08T12:21:35 IST" duration-ms="2" status="PASS">
          <reporter-output>
          </reporter-output>
        </test-method> <!-- setup -->
        <test-method signature="setDetailswrongpass()[pri:4, instance:org.ictakwebsite.test.TestSuperAdmin@6892b3b6]" started-at="2024-01-08T12:21:35 IST" name="setDetailswrongpass" finished-at="2024-01-08T12:21:52 IST" duration-ms="16727" status="PASS">
          <reporter-output>
          </reporter-output>
        </test-method> <!-- setDetailswrongpass -->
      </class> <!-- org.ictakwebsite.test.TestSuperAdmin -->
      <class name="org.ictakwebsite.test.TestCorporateMembershipDownload">
        <test-method is-config="true" signature="cleanFolder()[pri:0, instance:org.ictakwebsite.test.TestCorporateMembershipDownload@248e319b]" started-at="2024-01-08T12:20:32 IST" name="cleanFolder" finished-at="2024-01-08T12:20:32 IST" depends-on-methods="org.ictakwebsite.test.TestBase.setUp" duration-ms="8" status="PASS">
          <reporter-output>
          </reporter-output>
        </test-method> <!-- cleanFolder -->
        <test-method signature="downloadTest()[pri:0, instance:org.ictakwebsite.test.TestCorporateMembershipDownload@248e319b]" started-at="2024-01-08T12:21:52 IST" name="downloadTest" finished-at="2024-01-08T12:22:11 IST" duration-ms="19332" status="PASS">
          <reporter-output>
          </reporter-output>
        </test-method> <!-- downloadTest -->
      </class> <!-- org.ictakwebsite.test.TestCorporateMembershipDownload -->
      <class name="org.ictakwebsite.test.TestEventsICSET">
        <test-method is-config="true" signature="set()[pri:0, instance:org.ictakwebsite.test.TestEventsICSET@2a265ea9]" started-at="2024-01-08T12:20:42 IST" name="set" finished-at="2024-01-08T12:20:42 IST" duration-ms="41" status="PASS">
          <reporter-output>
          </reporter-output>
        </test-method> <!-- set -->
        <test-method signature="clickEvents()[pri:-1, instance:org.ictakwebsite.test.TestEventsICSET@2a265ea9]" started-at="2024-01-08T12:20:42 IST" name="clickEvents" finished-at="2024-01-08T12:20:44 IST" duration-ms="1690" status="PASS">
          <reporter-output>
          </reporter-output>
        </test-method> <!-- clickEvents -->
        <test-method is-config="true" signature="set()[pri:0, instance:org.ictakwebsite.test.TestEventsICSET@2a265ea9]" started-at="2024-01-08T12:20:44 IST" name="set" finished-at="2024-01-08T12:20:44 IST" duration-ms="2" status="PASS">
          <reporter-output>
          </reporter-output>
        </test-method> <!-- set -->
        <test-method signature="formheading1()[pri:0, instance:org.ictakwebsite.test.TestEventsICSET@2a265ea9]" started-at="2024-01-08T12:20:44 IST" name="formheading1" finished-at="2024-01-08T12:20:45 IST" duration-ms="671" status="PASS">
          <reporter-output>
          </reporter-output>
        </test-method> <!-- formheading1 -->
        <test-method is-config="true" signature="set()[pri:0, instance:org.ictakwebsite.test.TestEventsICSET@2a265ea9]" started-at="2024-01-08T12:20:45 IST" name="set" finished-at="2024-01-08T12:20:45 IST" duration-ms="1" status="PASS">
          <reporter-output>
          </reporter-output>
        </test-method> <!-- set -->
        <test-method signature="formheading2()[pri:1, instance:org.ictakwebsite.test.TestEventsICSET@2a265ea9]" started-at="2024-01-08T12:20:45 IST" name="formheading2" finished-at="2024-01-08T12:20:45 IST" duration-ms="96" status="PASS">
          <reporter-output>
          </reporter-output>
        </test-method> <!-- formheading2 -->
        <test-method is-config="true" signature="set()[pri:0, instance:org.ictakwebsite.test.TestEventsICSET@2a265ea9]" started-at="2024-01-08T12:20:45 IST" name="set" finished-at="2024-01-08T12:20:45 IST" duration-ms="1" status="PASS">
          <reporter-output>
          </reporter-output>
        </test-method> <!-- set -->
        <test-method signature="setdetailblank()[pri:2, instance:org.ictakwebsite.test.TestEventsICSET@2a265ea9]" started-at="2024-01-08T12:20:45 IST" name="setdetailblank" finished-at="2024-01-08T12:20:46 IST" duration-ms="919" status="FAIL">
          <exception class="java.lang.AssertionError">
            <message>
              <![CDATA[The following asserts failed:
Blank Name is invalid expected [true] but found [false],
Blank Email is invalid expected [true] but found [false],
Blank Number is invalid expected [true] but found [false]]]>
            </message>
            <full-stacktrace>
              <![CDATA[java.lang.AssertionError: The following asserts failed:
Blank Name is invalid expected [true] but found [false],
Blank Email is invalid expected [true] but found [false],
Blank Number is invalid expected [true] but found [false]
at org.testng.asserts.SoftAssert.assertAll(SoftAssert.java:46)
at org.testng.asserts.SoftAssert.assertAll(SoftAssert.java:30)
at org.ictakwebsite.test.TestEventsICSET.setdetailblank(TestEventsICSET.java:66)
at java.base/jdk.internal.reflect.NativeMethodAccessorImpl.invoke0(Native Method)
at java.base/jdk.internal.reflect.NativeMethodAccessorImpl.invoke(NativeMethodAccessorImpl.java:77)
at java.base/jdk.internal.reflect.DelegatingMethodAccessorImpl.invoke(DelegatingMethodAccessorImpl.java:43)
at java.base/java.lang.reflect.Method.invoke(Method.java:568)
at org.testng.internal.invokers.MethodInvocationHelper.invokeMethod(MethodInvocationHelper.java:139)
at org.testng.internal.invokers.TestInvoker.invokeMethod(TestInvoker.java:664)
at org.testng.internal.invokers.TestInvoker.invokeTestMethod(TestInvoker.java:227)
at org.testng.internal.invokers.MethodRunner.runInSequence(MethodRunner.java:50)
at org.testng.internal.invokers.TestInvoker$MethodInvocationAgent.invoke(TestInvoker.java:957)
at org.testng.internal.invokers.TestInvoker.invokeTestMethods(TestInvoker.java:200)
at org.testng.internal.invokers.TestMethodWorker.invokeTestMethods(TestMethodWorker.java:148)
at org.testng.internal.invokers.TestMethodWorker.run(TestMethodWorker.java:128)
at java.base/java.util.ArrayList.forEach(ArrayList.java:1511)
at org.testng.TestRunner.privateRun(TestRunner.java:848)
at org.testng.TestRunner.run(TestRunner.java:621)
at org.testng.SuiteRunner.runTest(SuiteRunner.java:443)
at org.testng.SuiteRunner.runSequentially(SuiteRunner.java:437)
at org.testng.SuiteRunner.privateRun(SuiteRunner.java:397)
at org.testng.SuiteRunner.run(SuiteRunner.java:336)
at org.testng.SuiteRunnerWorker.runSuite(SuiteRunnerWorker.java:52)
at org.testng.SuiteRunnerWorker.run(SuiteRunnerWorker.java:95)
at org.testng.TestNG.runSuitesSequentially(TestNG.java:1280)
at org.testng.TestNG.runSuitesLocally(TestNG.java:1200)
at org.testng.TestNG.runSuites(TestNG.java:1114)
at org.testng.TestNG.run(TestNG.java:1082)
at org.testng.remote.AbstractRemoteTestNG.run(AbstractRemoteTestNG.java:115)
at org.testng.remote.RemoteTestNG.initAndRun(RemoteTestNG.java:251)
at org.testng.remote.RemoteTestNG.main(RemoteTestNG.java:77)
]]>
            </full-stacktrace>
          </exception> <!-- java.lang.AssertionError -->
          <reporter-output>
          </reporter-output>
        </test-method> <!-- setdetailblank -->
        <test-method is-config="true" signature="set()[pri:0, instance:org.ictakwebsite.test.TestEventsICSET@2a265ea9]" started-at="2024-01-08T12:20:46 IST" name="set" finished-at="2024-01-08T12:20:46 IST" duration-ms="1" status="PASS">
          <reporter-output>
          </reporter-output>
        </test-method> <!-- set -->
        <test-method signature="setdetailsinvalid_testcase_1()[pri:3, instance:org.ictakwebsite.test.TestEventsICSET@2a265ea9]" started-at="2024-01-08T12:20:46 IST" name="setdetailsinvalid_testcase_1" finished-at="2024-01-08T12:20:47 IST" duration-ms="1421" status="FAIL">
          <exception class="java.lang.AssertionError">
            <message>
              <![CDATA[The following asserts failed:
Numbers are not allowed in Name field expected [true] but found [false],
Invalid email expected [true] but found [false],
Number greater than 10 is invalid expected [true] but found [false],
Register button is enabled expected [false] but found [true]]]>
            </message>
            <full-stacktrace>
              <![CDATA[java.lang.AssertionError: The following asserts failed:
Numbers are not allowed in Name field expected [true] but found [false],
Invalid email expected [true] but found [false],
Number greater than 10 is invalid expected [true] but found [false],
Register button is enabled expected [false] but found [true]
at org.testng.asserts.SoftAssert.assertAll(SoftAssert.java:46)
at org.testng.asserts.SoftAssert.assertAll(SoftAssert.java:30)
at org.ictakwebsite.test.TestEventsICSET.setdetailsinvalid_testcase_1(TestEventsICSET.java:96)
at java.base/jdk.internal.reflect.NativeMethodAccessorImpl.invoke0(Native Method)
at java.base/jdk.internal.reflect.NativeMethodAccessorImpl.invoke(NativeMethodAccessorImpl.java:77)
at java.base/jdk.internal.reflect.DelegatingMethodAccessorImpl.invoke(DelegatingMethodAccessorImpl.java:43)
at java.base/java.lang.reflect.Method.invoke(Method.java:568)
at org.testng.internal.invokers.MethodInvocationHelper.invokeMethod(MethodInvocationHelper.java:139)
at org.testng.internal.invokers.TestInvoker.invokeMethod(TestInvoker.java:664)
at org.testng.internal.invokers.TestInvoker.invokeTestMethod(TestInvoker.java:227)
at org.testng.internal.invokers.MethodRunner.runInSequence(MethodRunner.java:50)
at org.testng.internal.invokers.TestInvoker$MethodInvocationAgent.invoke(TestInvoker.java:957)
at org.testng.internal.invokers.TestInvoker.invokeTestMethods(TestInvoker.java:200)
at org.testng.internal.invokers.TestMethodWorker.invokeTestMethods(TestMethodWorker.java:148)
at org.testng.internal.invokers.TestMethodWorker.run(TestMethodWorker.java:128)
at java.base/java.util.ArrayList.forEach(ArrayList.java:1511)
at org.testng.TestRunner.privateRun(TestRunner.java:848)
at org.testng.TestRunner.run(TestRunner.java:621)
at org.testng.SuiteRunner.runTest(SuiteRunner.java:443)
at org.testng.SuiteRunner.runSequentially(SuiteRunner.java:437)
at org.testng.SuiteRunner.privateRun(SuiteRunner.java:397)
at org.testng.SuiteRunner.run(SuiteRunner.java:336)
at org.testng.SuiteRunnerWorker.runSuite(SuiteRunnerWorker.java:52)
at org.testng.SuiteRunnerWorker.run(SuiteRunnerWorker.java:95)
at org.testng.TestNG.runSuitesSequentially(TestNG.java:1280)
at org.testng.TestNG.runSuitesLocally(TestNG.java:1200)
at org.testng.TestNG.runSuites(TestNG.java:1114)
at org.testng.TestNG.run(TestNG.java:1082)
at org.testng.remote.AbstractRemoteTestNG.run(AbstractRemoteTestNG.java:115)
at org.testng.remote.RemoteTestNG.initAndRun(RemoteTestNG.java:251)
at org.testng.remote.RemoteTestNG.main(RemoteTestNG.java:77)
]]>
            </full-stacktrace>
          </exception> <!-- java.lang.AssertionError -->
          <reporter-output>
          </reporter-output>
        </test-method> <!-- setdetailsinvalid_testcase_1 -->
        <test-method is-config="true" signature="set()[pri:0, instance:org.ictakwebsite.test.TestEventsICSET@2a265ea9]" started-at="2024-01-08T12:20:47 IST" name="set" finished-at="2024-01-08T12:20:47 IST" duration-ms="11" status="PASS">
          <reporter-output>
          </reporter-output>
        </test-method> <!-- set -->
        <test-method signature="setdetailsinvalid_testcase_2()[pri:4, instance:org.ictakwebsite.test.TestEventsICSET@2a265ea9]" started-at="2024-01-08T12:20:47 IST" name="setdetailsinvalid_testcase_2" finished-at="2024-01-08T12:20:52 IST" duration-ms="4749" status="FAIL">
          <exception class="java.lang.AssertionError">
            <message>
              <![CDATA[The following asserts failed:
Special characters are not allowed in Name field expected [true] but found [false],
@ should be present between domain name and username expected [true] but found [false],
Number less than 10 is invalid expected [true] but found [false],
Register button is enabled expected [false] but found [true]]]>
            </message>
            <full-stacktrace>
              <![CDATA[java.lang.AssertionError: The following asserts failed:
Special characters are not allowed in Name field expected [true] but found [false],
@ should be present between domain name and username expected [true] but found [false],
Number less than 10 is invalid expected [true] but found [false],
Register button is enabled expected [false] but found [true]
at org.testng.asserts.SoftAssert.assertAll(SoftAssert.java:46)
at org.testng.asserts.SoftAssert.assertAll(SoftAssert.java:30)
at org.ictakwebsite.test.TestEventsICSET.setdetailsinvalid_testcase_2(TestEventsICSET.java:112)
at java.base/jdk.internal.reflect.NativeMethodAccessorImpl.invoke0(Native Method)
at java.base/jdk.internal.reflect.NativeMethodAccessorImpl.invoke(NativeMethodAccessorImpl.java:77)
at java.base/jdk.internal.reflect.DelegatingMethodAccessorImpl.invoke(DelegatingMethodAccessorImpl.java:43)
at java.base/java.lang.reflect.Method.invoke(Method.java:568)
at org.testng.internal.invokers.MethodInvocationHelper.invokeMethod(MethodInvocationHelper.java:139)
at org.testng.internal.invokers.TestInvoker.invokeMethod(TestInvoker.java:664)
at org.testng.internal.invokers.TestInvoker.invokeTestMethod(TestInvoker.java:227)
at org.testng.internal.invokers.MethodRunner.runInSequence(MethodRunner.java:50)
at org.testng.internal.invokers.TestInvoker$MethodInvocationAgent.invoke(TestInvoker.java:957)
at org.testng.internal.invokers.TestInvoker.invokeTestMethods(TestInvoker.java:200)
at org.testng.internal.invokers.TestMethodWorker.invokeTestMethods(TestMethodWorker.java:148)
at org.testng.internal.invokers.TestMethodWorker.run(TestMethodWorker.java:128)
at java.base/java.util.ArrayList.forEach(ArrayList.java:1511)
at org.testng.TestRunner.privateRun(TestRunner.java:848)
at org.testng.TestRunner.run(TestRunner.java:621)
at org.testng.SuiteRunner.runTest(SuiteRunner.java:443)
at org.testng.SuiteRunner.runSequentially(SuiteRunner.java:437)
at org.testng.SuiteRunner.privateRun(SuiteRunner.java:397)
at org.testng.SuiteRunner.run(SuiteRunner.java:336)
at org.testng.SuiteRunnerWorker.runSuite(SuiteRunnerWorker.java:52)
at org.testng.SuiteRunnerWorker.run(SuiteRunnerWorker.java:95)
at org.testng.TestNG.runSuitesSequentially(TestNG.java:1280)
at org.testng.TestNG.runSuitesLocally(TestNG.java:1200)
at org.testng.TestNG.runSuites(TestNG.java:1114)
at org.testng.TestNG.run(TestNG.java:1082)
at org.testng.remote.AbstractRemoteTestNG.run(AbstractRemoteTestNG.java:115)
at org.testng.remote.RemoteTestNG.initAndRun(RemoteTestNG.java:251)
at org.testng.remote.RemoteTestNG.main(RemoteTestNG.java:77)
]]>
            </full-stacktrace>
          </exception> <!-- java.lang.AssertionError -->
          <reporter-output>
          </reporter-output>
        </test-method> <!-- setdetailsinvalid_testcase_2 -->
        <test-method is-config="true" signature="set()[pri:0, instance:org.ictakwebsite.test.TestEventsICSET@2a265ea9]" started-at="2024-01-08T12:20:52 IST" name="set" finished-at="2024-01-08T12:20:52 IST" duration-ms="16" status="PASS">
          <reporter-output>
          </reporter-output>
        </test-method> <!-- set -->
        <test-method signature="setdetailsvalid()[pri:5, instance:org.ictakwebsite.test.TestEventsICSET@2a265ea9]" started-at="2024-01-08T12:20:52 IST" name="setdetailsvalid" finished-at="2024-01-08T12:20:56 IST" duration-ms="4017" status="PASS">
          <reporter-output>
          </reporter-output>
        </test-method> <!-- setdetailsvalid -->
      </class> <!-- org.ictakwebsite.test.TestEventsICSET -->
    </test> <!-- Test -->
  </suite> <!-- Suite -->
</testng-results>
